usage: main.py [-h] [--text TEXT] [--negative NEGATIVE] [-O] [-O2] [--test]
               [--eval_interval EVAL_INTERVAL] [--workspace WORKSPACE]
               [--guidance GUIDANCE] [--seed SEED] [--save_mesh]
               [--mcubes_resolution MCUBES_RESOLUTION]
               [--decimate_target DECIMATE_TARGET] [--iters ITERS] [--lr LR]
               [--warm_iters WARM_ITERS] [--min_lr MIN_LR] [--ckpt CKPT]
               [--cuda_ray] [--max_steps MAX_STEPS] [--num_steps NUM_STEPS]
               [--upsample_steps UPSAMPLE_STEPS]
               [--update_extra_interval UPDATE_EXTRA_INTERVAL]
               [--max_ray_batch MAX_RAY_BATCH] [--albedo]
               [--albedo_iters ALBEDO_ITERS] [--jitter_pose]
               [--uniform_sphere_rate UNIFORM_SPHERE_RATE]
               [--bg_radius BG_RADIUS] [--density_activation {softplus,exp}]
               [--density_thresh DENSITY_THRESH] [--blob_density BLOB_DENSITY]
               [--blob_radius BLOB_RADIUS] [--fp16]
               [--backbone {grid,vanilla}] [--optim {adan,adam}]
               [--sd_version {1.5,2.0,2.1}] [--hf_key HF_KEY] [--w W] [--h H]
               [--bound BOUND] [--dt_gamma DT_GAMMA] [--min_near MIN_NEAR]
               [--radius_range [RADIUS_RANGE [RADIUS_RANGE ...]]]
               [--fovy_range [FOVY_RANGE [FOVY_RANGE ...]]] [--dir_text]
               [--suppress_face] [--angle_overhead ANGLE_OVERHEAD]
               [--angle_front ANGLE_FRONT] [--lambda_entropy LAMBDA_ENTROPY]
               [--lambda_opacity LAMBDA_OPACITY]
               [--lambda_orient LAMBDA_ORIENT] [--lambda_tv LAMBDA_TV] [--gui]
               [--W W] [--H H] [--radius RADIUS] [--fovy FOVY]
               [--light_theta LIGHT_THETA] [--light_phi LIGHT_PHI]
               [--max_spp MAX_SPP]
main.py: error: unrecognized arguments: --vram_O
